<?xml version="1.0" encoding="UTF-8"?>
<!-- Generated by org.testng.reporters.JUnitXMLReporter -->
<testsuite hostname="4DEDTYMCHYSH" name="Test" tests="6" failures="2" timestamp="26 Feb 2018 08:17:41 GMT" time="40.842" errors="0">
  <testcase name="nullPointerExseptionShouldPass" time="0.005" classname="com.letgo.tests.basetests.TestngTest"/>
  <testcase name="shouldAlwaysPass" time="0.002" classname="com.letgo.tests.basetests.TestngTest"/>
  <testcase name="signUp" time="3.895" classname="com.letgo.tests.testcases.TestCase1">
    <failure type="org.openqa.selenium.WebDriverException" message="unknown error: Element &amp;lt;button data-test=&amp;quot;update-location-cancel&amp;quot; type=&amp;quot;button&amp;quot; role=&amp;quot;button&amp;quot; class=&amp;quot;sc-dnqmqq jqPtJG sc-bxivhb ifLSwk&amp;quot;&amp;gt;...&amp;lt;/button&amp;gt; is not clickable at point (767, 466). Other element would receive the click: &amp;lt;div style=&amp;quot;transition: opacity 0.2s linear 0s, visibility; opacity: 1; visibility: visible; background-color: rgba(255, 255, 255, 0.6);&amp;quot; class=&amp;quot;Overlay__root___1UvWh&amp;quot; data-reactid=&amp;quot;330&amp;quot;&amp;gt;...&amp;lt;/div&amp;gt;
  (Session info: chrome=64.0.3282.167)
  (Driver info: chromedriver=2.35.528161 (5b82f2d2aae0ca24b877009200ced9065a772e73),platform=Windows NT 10.0.15063 x86_64) (WARNING: The server did not provide any stacktrace information)
Command duration or timeout: 0 milliseconds
Build info: version: &amp;apos;3.9.1&amp;apos;, revision: &amp;apos;63f7b50&amp;apos;, time: &amp;apos;2018-02-07T22:25:02.294Z&amp;apos;
System info: host: &amp;apos;4DEDTYMCHYSH&amp;apos;, ip: &amp;apos;10.223.164.34&amp;apos;, os.name: &amp;apos;Windows 10&amp;apos;, os.arch: &amp;apos;amd64&amp;apos;, os.version: &amp;apos;10.0&amp;apos;, java.version: &amp;apos;1.8.0_161&amp;apos;
Driver info: org.openqa.selenium.chrome.ChromeDriver
Capabilities {acceptInsecureCerts: false, acceptSslCerts: false, applicationCacheEnabled: false, browserConnectionEnabled: false, browserName: chrome, chrome: {chromedriverVersion: 2.35.528161 (5b82f2d2aae0ca..., userDataDir: C:\Users\tymchysh\AppData\L...}, cssSelectorsEnabled: true, databaseEnabled: false, handlesAlerts: true, hasTouchScreen: false, javascriptEnabled: true, locationContextEnabled: true, mobileEmulationEnabled: false, nativeEvents: true, networkConnectionEnabled: false, pageLoadStrategy: normal, platform: XP, platformName: XP, rotatable: false, setWindowRect: true, takesHeapSnapshot: true, takesScreenshot: true, unexpectedAlertBehaviour: , unhandledPromptBehavior: , version: 64.0.3282.167, webStorageEnabled: true}
Session ID: 4bb868de5c3d1d2bc08dea00268b5f29">
      <![CDATA[org.openqa.selenium.WebDriverException: unknown error: Element <button data-test="update-location-cancel" type="button" role="button" class="sc-dnqmqq jqPtJG sc-bxivhb ifLSwk">...</button> is not clickable at point (767, 466). Other element would receive the click: <div style="transition: opacity 0.2s linear 0s, visibility; opacity: 1; visibility: visible; background-color: rgba(255, 255, 255, 0.6);" class="Overlay__root___1UvWh" data-reactid="330">...</div>
  (Session info: chrome=64.0.3282.167)
  (Driver info: chromedriver=2.35.528161 (5b82f2d2aae0ca24b877009200ced9065a772e73),platform=Windows NT 10.0.15063 x86_64) (WARNING: The server did not provide any stacktrace information)
Command duration or timeout: 0 milliseconds
Build info: version: '3.9.1', revision: '63f7b50', time: '2018-02-07T22:25:02.294Z'
System info: host: '4DEDTYMCHYSH', ip: '10.223.164.34', os.name: 'Windows 10', os.arch: 'amd64', os.version: '10.0', java.version: '1.8.0_161'
Driver info: org.openqa.selenium.chrome.ChromeDriver
Capabilities {acceptInsecureCerts: false, acceptSslCerts: false, applicationCacheEnabled: false, browserConnectionEnabled: false, browserName: chrome, chrome: {chromedriverVersion: 2.35.528161 (5b82f2d2aae0ca..., userDataDir: C:\Users\tymchysh\AppData\L...}, cssSelectorsEnabled: true, databaseEnabled: false, handlesAlerts: true, hasTouchScreen: false, javascriptEnabled: true, locationContextEnabled: true, mobileEmulationEnabled: false, nativeEvents: true, networkConnectionEnabled: false, pageLoadStrategy: normal, platform: XP, platformName: XP, rotatable: false, setWindowRect: true, takesHeapSnapshot: true, takesScreenshot: true, unexpectedAlertBehaviour: , unhandledPromptBehavior: , version: 64.0.3282.167, webStorageEnabled: true}
Session ID: 4bb868de5c3d1d2bc08dea00268b5f29
	at org.openqa.selenium.remote.ErrorHandler.createThrowable(ErrorHandler.java:214)
	at org.openqa.selenium.remote.ErrorHandler.throwIfResponseFailed(ErrorHandler.java:166)
	at org.openqa.selenium.remote.http.JsonHttpResponseCodec.reconstructValue(JsonHttpResponseCodec.java:40)
	at org.openqa.selenium.remote.http.AbstractHttpResponseCodec.decode(AbstractHttpResponseCodec.java:80)
	at org.openqa.selenium.remote.http.AbstractHttpResponseCodec.decode(AbstractHttpResponseCodec.java:44)
	at org.openqa.selenium.remote.HttpCommandExecutor.execute(HttpCommandExecutor.java:160)
	at org.openqa.selenium.remote.service.DriverCommandExecutor.execute(DriverCommandExecutor.java:83)
	at org.openqa.selenium.remote.RemoteWebDriver.execute(RemoteWebDriver.java:601)
	at org.openqa.selenium.remote.RemoteWebElement.execute(RemoteWebElement.java:279)
	at org.openqa.selenium.remote.RemoteWebElement.click(RemoteWebElement.java:83)
	at com.letgo.tests.pages.MainPage.clickStayInUS(MainPage.java:30)
	at com.letgo.tests.testcases.TestCase1.signUp(TestCase1.java:41)
... Removed 31 stack frames]]>
    </failure>
  </testcase> <!-- signUp -->
  <testcase name="searchForItem" time="6.803" classname="com.letgo.tests.testcases.TestCase2"/>
  <testcase name="searchForItemInWrongGroup" time="4.244" classname="com.letgo.tests.testcases.TestCase2">
    <failure type="org.openqa.selenium.WebDriverException" message="unknown error: Element &amp;lt;button data-test=&amp;quot;update-location-cancel&amp;quot; type=&amp;quot;button&amp;quot; role=&amp;quot;button&amp;quot; class=&amp;quot;sc-dnqmqq jqPtJG sc-bxivhb ifLSwk&amp;quot;&amp;gt;...&amp;lt;/button&amp;gt; is not clickable at point (767, 466). Other element would receive the click: &amp;lt;div style=&amp;quot;transition: opacity 0.2s linear 0s, visibility; opacity: 0; visibility: hidden; background-color: rgba(255, 255, 255, 0.6);&amp;quot; class=&amp;quot;Overlay__root___1UvWh&amp;quot; data-reactid=&amp;quot;330&amp;quot;&amp;gt;...&amp;lt;/div&amp;gt;
  (Session info: chrome=64.0.3282.167)
  (Driver info: chromedriver=2.35.528161 (5b82f2d2aae0ca24b877009200ced9065a772e73),platform=Windows NT 10.0.15063 x86_64) (WARNING: The server did not provide any stacktrace information)
Command duration or timeout: 0 milliseconds
Build info: version: &amp;apos;3.9.1&amp;apos;, revision: &amp;apos;63f7b50&amp;apos;, time: &amp;apos;2018-02-07T22:25:02.294Z&amp;apos;
System info: host: &amp;apos;4DEDTYMCHYSH&amp;apos;, ip: &amp;apos;10.223.164.34&amp;apos;, os.name: &amp;apos;Windows 10&amp;apos;, os.arch: &amp;apos;amd64&amp;apos;, os.version: &amp;apos;10.0&amp;apos;, java.version: &amp;apos;1.8.0_161&amp;apos;
Driver info: org.openqa.selenium.chrome.ChromeDriver
Capabilities {acceptInsecureCerts: false, acceptSslCerts: false, applicationCacheEnabled: false, browserConnectionEnabled: false, browserName: chrome, chrome: {chromedriverVersion: 2.35.528161 (5b82f2d2aae0ca..., userDataDir: C:\Users\tymchysh\AppData\L...}, cssSelectorsEnabled: true, databaseEnabled: false, handlesAlerts: true, hasTouchScreen: false, javascriptEnabled: true, locationContextEnabled: true, mobileEmulationEnabled: false, nativeEvents: true, networkConnectionEnabled: false, pageLoadStrategy: normal, platform: XP, platformName: XP, rotatable: false, setWindowRect: true, takesHeapSnapshot: true, takesScreenshot: true, unexpectedAlertBehaviour: , unhandledPromptBehavior: , version: 64.0.3282.167, webStorageEnabled: true}
Session ID: 1455629e839f8571f4c3ddbe71653d86">
      <![CDATA[org.openqa.selenium.WebDriverException: unknown error: Element <button data-test="update-location-cancel" type="button" role="button" class="sc-dnqmqq jqPtJG sc-bxivhb ifLSwk">...</button> is not clickable at point (767, 466). Other element would receive the click: <div style="transition: opacity 0.2s linear 0s, visibility; opacity: 0; visibility: hidden; background-color: rgba(255, 255, 255, 0.6);" class="Overlay__root___1UvWh" data-reactid="330">...</div>
  (Session info: chrome=64.0.3282.167)
  (Driver info: chromedriver=2.35.528161 (5b82f2d2aae0ca24b877009200ced9065a772e73),platform=Windows NT 10.0.15063 x86_64) (WARNING: The server did not provide any stacktrace information)
Command duration or timeout: 0 milliseconds
Build info: version: '3.9.1', revision: '63f7b50', time: '2018-02-07T22:25:02.294Z'
System info: host: '4DEDTYMCHYSH', ip: '10.223.164.34', os.name: 'Windows 10', os.arch: 'amd64', os.version: '10.0', java.version: '1.8.0_161'
Driver info: org.openqa.selenium.chrome.ChromeDriver
Capabilities {acceptInsecureCerts: false, acceptSslCerts: false, applicationCacheEnabled: false, browserConnectionEnabled: false, browserName: chrome, chrome: {chromedriverVersion: 2.35.528161 (5b82f2d2aae0ca..., userDataDir: C:\Users\tymchysh\AppData\L...}, cssSelectorsEnabled: true, databaseEnabled: false, handlesAlerts: true, hasTouchScreen: false, javascriptEnabled: true, locationContextEnabled: true, mobileEmulationEnabled: false, nativeEvents: true, networkConnectionEnabled: false, pageLoadStrategy: normal, platform: XP, platformName: XP, rotatable: false, setWindowRect: true, takesHeapSnapshot: true, takesScreenshot: true, unexpectedAlertBehaviour: , unhandledPromptBehavior: , version: 64.0.3282.167, webStorageEnabled: true}
Session ID: 1455629e839f8571f4c3ddbe71653d86
	at org.openqa.selenium.remote.ErrorHandler.createThrowable(ErrorHandler.java:214)
	at org.openqa.selenium.remote.ErrorHandler.throwIfResponseFailed(ErrorHandler.java:166)
	at org.openqa.selenium.remote.http.JsonHttpResponseCodec.reconstructValue(JsonHttpResponseCodec.java:40)
	at org.openqa.selenium.remote.http.AbstractHttpResponseCodec.decode(AbstractHttpResponseCodec.java:80)
	at org.openqa.selenium.remote.http.AbstractHttpResponseCodec.decode(AbstractHttpResponseCodec.java:44)
	at org.openqa.selenium.remote.HttpCommandExecutor.execute(HttpCommandExecutor.java:160)
	at org.openqa.selenium.remote.service.DriverCommandExecutor.execute(DriverCommandExecutor.java:83)
	at org.openqa.selenium.remote.RemoteWebDriver.execute(RemoteWebDriver.java:601)
	at org.openqa.selenium.remote.RemoteWebElement.execute(RemoteWebElement.java:279)
	at org.openqa.selenium.remote.RemoteWebElement.click(RemoteWebElement.java:83)
	at com.letgo.tests.pages.MainPage.clickStayInUS(MainPage.java:30)
	at com.letgo.tests.basetests.BaseTestCase.openMainPage(BaseTestCase.java:179)
	at com.letgo.tests.testcases.TestCase2.searchForItemInWrongGroup(TestCase2.java:41)
... Removed 31 stack frames]]>
    </failure>
  </testcase> <!-- searchForItemInWrongGroup -->
  <testcase name="uploadPhoto" time="14.469" classname="com.letgo.tests.testcases.TestCase2"/>
</testsuite> <!-- Test -->
