<?xml version="1.0" encoding="UTF-8"?>
<testsuite name="TestSuite" time="110.71" tests="4" errors="0" skipped="0" failures="2">
  <properties>
[...]
</properties>
  <testcase name="nullPointerExseptionShouldPass" classname="com.aol.tests.basetests.TestngTest" time="0.005"/>
  <testcase name="shouldAlwaysPass" classname="com.aol.tests.basetests.TestngTest" time="0.001"/>
  <testcase name="testCase1" classname="com.aol.tests.testcases.TestCase1" time="42.769">
    <failure message="AutoBlog page logo is not found!!!" type="java.lang.AssertionError">java.lang.AssertionError: AutoBlog page logo is not found!!!
	at org.testng.Assert.fail(Assert.java:94)
	at com.aol.tests.testcases.TestCase1.testCase1(TestCase1.java:82)
</failure>
    <system-out><![CDATA[>>>Title from ini file:AOL - News, Sports, Weather, Entertainment, Local & Lifestyle
>>>Title from browser :AOL - News, Sports, Weather, Entertainment, Local & Lifestyle
>>>Found link by id: ghnav-news
>>>Found link by id: ghnav-sports
>>>Found link by id: ghnav-entertainment
>>>Found link: Web
>>>Found link: Mail
]]></system-out>
  </testcase>
  <testcase name="testCase2" classname="com.aol.tests.testcases.TestCase2" time="67.935">
    <failure message="Unable to locate element: {&quot;method&quot;:&quot;xpath&quot;,&quot;selector&quot;:&quot;//a[contains(text(),\&quot;New York, NY\&quot;)]&quot;}&#10;Command duration or timeout: 30.03 seconds&#10;For documentation on this error, please visit: http://seleniumhq.org/exceptions/no_such_element.html&#10;Build info: version: &apos;2.52.0&apos;, revision: &apos;4c2593cfc3689a7fcd7be52549167e5ccc93ad28&apos;, time: &apos;2016-02-11 11:22:43&apos;&#10;System info: host: &apos;taras-X555LAB&apos;, ip: &apos;127.0.1.1&apos;, os.name: &apos;Linux&apos;, os.arch: &apos;amd64&apos;, os.version: &apos;4.2.0-34-generic&apos;, java.version: &apos;1.8.0_77&apos;&#10;Driver info: org.openqa.selenium.firefox.FirefoxDriver&#10;Capabilities [{applicationCacheEnabled=true, rotatable=false, handlesAlerts=true, databaseEnabled=true, version=45.0, platform=LINUX, nativeEvents=false, acceptSslCerts=true, webStorageEnabled=true, locationContextEnabled=true, browserName=firefox, takesScreenshot=true, javascriptEnabled=true, cssSelectorsEnabled=true}]&#10;Session ID: c9ae5b36-18aa-4663-bd7f-905fa3294c1b&#10;*** Element info: {Using=xpath, value=//a[contains(text(),&quot;New York, NY&quot;)]}" type="org.openqa.selenium.NoSuchElementException"><![CDATA[org.openqa.selenium.NoSuchElementException: Unable to locate element: {"method":"xpath","selector":"//a[contains(text(),\"New York, NY\")]"}
Command duration or timeout: 30.03 seconds
For documentation on this error, please visit: http://seleniumhq.org/exceptions/no_such_element.html
Build info: version: '2.52.0', revision: '4c2593cfc3689a7fcd7be52549167e5ccc93ad28', time: '2016-02-11 11:22:43'
System info: host: 'taras-X555LAB', ip: '127.0.1.1', os.name: 'Linux', os.arch: 'amd64', os.version: '4.2.0-34-generic', java.version: '1.8.0_77'
Driver info: org.openqa.selenium.firefox.FirefoxDriver
Capabilities [{applicationCacheEnabled=true, rotatable=false, handlesAlerts=true, databaseEnabled=true, version=45.0, platform=LINUX, nativeEvents=false, acceptSslCerts=true, webStorageEnabled=true, locationContextEnabled=true, browserName=firefox, takesScreenshot=true, javascriptEnabled=true, cssSelectorsEnabled=true}]
Session ID: c9ae5b36-18aa-4663-bd7f-905fa3294c1b
*** Element info: {Using=xpath, value=//a[contains(text(),"New York, NY")]}
	at sun.reflect.NativeConstructorAccessorImpl.newInstance0(Native Method)
	at sun.reflect.NativeConstructorAccessorImpl.newInstance(NativeConstructorAccessorImpl.java:62)
	at sun.reflect.DelegatingConstructorAccessorImpl.newInstance(DelegatingConstructorAccessorImpl.java:45)
	at java.lang.reflect.Constructor.newInstance(Constructor.java:423)
	at org.openqa.selenium.remote.ErrorHandler.createThrowable(ErrorHandler.java:206)
	at org.openqa.selenium.remote.ErrorHandler.throwIfResponseFailed(ErrorHandler.java:158)
	at org.openqa.selenium.remote.RemoteWebDriver.execute(RemoteWebDriver.java:678)
	at org.openqa.selenium.remote.RemoteWebDriver.findElement(RemoteWebDriver.java:363)
	at org.openqa.selenium.remote.RemoteWebDriver.findElementByXPath(RemoteWebDriver.java:500)
	at org.openqa.selenium.By$ByXPath.findElement(By.java:361)
	at org.openqa.selenium.remote.RemoteWebDriver.findElement(RemoteWebDriver.java:355)
	at com.aol.tests.pages.basepage.BasePage.clickElement(BasePage.java:108)
	at com.aol.tests.pages.aolpages.AolWeatherPage.setNewLocation(AolWeatherPage.java:33)
	at com.aol.tests.testcases.TestCase2.testCase2(TestCase2.java:43)
Caused by: org.openqa.selenium.NoSuchElementException: Unable to locate element: {"method":"xpath","selector":"//a[contains(text(),\"New York, NY\")]"}
For documentation on this error, please visit: http://seleniumhq.org/exceptions/no_such_element.html
Build info: version: '2.52.0', revision: '4c2593cfc3689a7fcd7be52549167e5ccc93ad28', time: '2016-02-11 11:22:43'
System info: host: 'taras-X555LAB', ip: '127.0.1.1', os.name: 'Linux', os.arch: 'amd64', os.version: '4.2.0-34-generic', java.version: '1.8.0_77'
Driver info: driver.version: unknown
	at <anonymous class>.FirefoxDriver.prototype.findElementInternal_(file:///tmp/anonymous1527798704079351692webdriver-profile/extensions/fxdriver@googlecode.com/components/driver-component.js:10723)
	at <anonymous class>.fxdriver.Timer.prototype.setTimeout/<.notify(file:///tmp/anonymous1527798704079351692webdriver-profile/extensions/fxdriver@googlecode.com/components/driver-component.js:623)
]]></failure>
  </testcase>
</testsuite>